<?xml version="1.0" encoding="UTF-8"?>
<robot generator="Robot 6.1.1 (Python 3.10.7 on win32)" generated="20231223 15:52:29.053" rpa="false" schemaversion="4">
<suite id="s1" name="Test-Suite-1" source="C:\Users\asus\Desktop\Basic automation\basic-automation-web\project-demo\test-suite-1.robot">
<test id="s1-t1" name="testcase-1" line="23">
<kw name="Login Success">
<kw name="Open Browser" library="SeleniumLibrary">
<arg>${HOST}</arg>
<arg>${BROWSER}</arg>
<doc>Opens a new browser instance to the optional ``url``.</doc>
<msg timestamp="20231223 15:52:29.559" level="INFO">Opening browser 'chrome' to base url 'http://localhost/wp/login'.</msg>
<status status="PASS" starttime="20231223 15:52:29.559" endtime="20231223 15:52:45.004"/>
</kw>
<kw name="Input Text" library="SeleniumLibrary">
<arg>name:username</arg>
<arg>${EMAIL}</arg>
<doc>Types the given ``text`` into the text field identified by ``locator``.</doc>
<msg timestamp="20231223 15:52:45.006" level="INFO">Typing text 'admin' into text field 'name:username'.</msg>
<status status="PASS" starttime="20231223 15:52:45.004" endtime="20231223 15:52:45.151"/>
</kw>
<kw name="Input Text" library="SeleniumLibrary">
<arg>name:password</arg>
<arg>${PASS-1}</arg>
<doc>Types the given ``text`` into the text field identified by ``locator``.</doc>
<msg timestamp="20231223 15:52:45.152" level="INFO">Typing text 'admin' into text field 'name:password'.</msg>
<status status="PASS" starttime="20231223 15:52:45.151" endtime="20231223 15:52:45.253"/>
</kw>
<kw name="Click Element" library="SeleniumLibrary">
<arg>xpath://button[@type='submit']</arg>
<doc>Click the element identified by ``locator``.</doc>
<msg timestamp="20231223 15:52:45.267" level="INFO">Clicking element 'xpath://button[@type='submit']'.</msg>
<status status="PASS" starttime="20231223 15:52:45.253" endtime="20231223 15:52:45.903"/>
</kw>
<kw name="Page Should Contain Element" library="SeleniumLibrary">
<arg>xpath=//h3[@class='box-title' and contains(text(), 'Selamat Datang')]</arg>
<doc>Verifies that element ``locator`` is found on the current page.</doc>
<msg timestamp="20231223 15:52:45.924" level="INFO">Current page contains element 'xpath=//h3[@class='box-title' and contains(text(), 'Selamat Datang')]'.</msg>
<status status="PASS" starttime="20231223 15:52:45.903" endtime="20231223 15:52:45.925"/>
</kw>
<status status="PASS" starttime="20231223 15:52:29.559" endtime="20231223 15:52:45.925"/>
</kw>
<kw name="Close Browser" library="SeleniumLibrary">
<doc>Closes the current browser.</doc>
<status status="PASS" starttime="20231223 15:52:45.925" endtime="20231223 15:52:48.396"/>
</kw>
<status status="PASS" starttime="20231223 15:52:29.559" endtime="20231223 15:52:48.396"/>
</test>
<test id="s1-t2" name="testcase-2" line="28">
<kw name="Open Browser" library="SeleniumLibrary">
<arg>${HOST}</arg>
<arg>${BROWSER}</arg>
<doc>Opens a new browser instance to the optional ``url``.</doc>
<msg timestamp="20231223 15:52:48.396" level="INFO">Opening browser 'chrome' to base url 'http://localhost/wp/login'.</msg>
<status status="PASS" starttime="20231223 15:52:48.396" endtime="20231223 15:52:52.364"/>
</kw>
<kw name="Input Text" library="SeleniumLibrary">
<arg>name:username</arg>
<arg>${EMAIL}</arg>
<doc>Types the given ``text`` into the text field identified by ``locator``.</doc>
<msg timestamp="20231223 15:52:52.366" level="INFO">Typing text 'admin' into text field 'name:username'.</msg>
<status status="PASS" starttime="20231223 15:52:52.365" endtime="20231223 15:52:52.503"/>
</kw>
<kw name="Input Text" library="SeleniumLibrary">
<arg>name:password</arg>
<arg>${PASS-2}</arg>
<doc>Types the given ``text`` into the text field identified by ``locator``.</doc>
<msg timestamp="20231223 15:52:52.519" level="INFO">Typing text 'xxs' into text field 'name:password'.</msg>
<status status="PASS" starttime="20231223 15:52:52.518" endtime="20231223 15:52:52.621"/>
</kw>
<kw name="Click Element" library="SeleniumLibrary">
<arg>xpath://button[@type='submit']</arg>
<doc>Click the element identified by ``locator``.</doc>
<msg timestamp="20231223 15:52:52.621" level="INFO">Clicking element 'xpath://button[@type='submit']'.</msg>
<status status="PASS" starttime="20231223 15:52:52.621" endtime="20231223 15:52:52.876"/>
</kw>
<kw name="Page Should Contain Element" library="SeleniumLibrary">
<arg>xpath=//div[@class='alert bg-danger text-center' and contains(text(), 'Username dan Password salah')]</arg>
<doc>Verifies that element ``locator`` is found on the current page.</doc>
<msg timestamp="20231223 15:52:52.907" level="INFO">Current page contains element 'xpath=//div[@class='alert bg-danger text-center' and contains(text(), 'Username dan Password salah')]'.</msg>
<status status="PASS" starttime="20231223 15:52:52.877" endtime="20231223 15:52:52.907"/>
</kw>
<kw name="Close Browser" library="SeleniumLibrary">
<doc>Closes the current browser.</doc>
<status status="PASS" starttime="20231223 15:52:52.907" endtime="20231223 15:52:55.237"/>
</kw>
<status status="PASS" starttime="20231223 15:52:48.396" endtime="20231223 15:52:55.237"/>
</test>
<test id="s1-t3" name="testcase-3" line="37">
<kw name="Login Success">
<kw name="Open Browser" library="SeleniumLibrary">
<arg>${HOST}</arg>
<arg>${BROWSER}</arg>
<doc>Opens a new browser instance to the optional ``url``.</doc>
<msg timestamp="20231223 15:52:55.237" level="INFO">Opening browser 'chrome' to base url 'http://localhost/wp/login'.</msg>
<status status="PASS" starttime="20231223 15:52:55.237" endtime="20231223 15:52:59.146"/>
</kw>
<kw name="Input Text" library="SeleniumLibrary">
<arg>name:username</arg>
<arg>${EMAIL}</arg>
<doc>Types the given ``text`` into the text field identified by ``locator``.</doc>
<msg timestamp="20231223 15:52:59.146" level="INFO">Typing text 'admin' into text field 'name:username'.</msg>
<status status="PASS" starttime="20231223 15:52:59.146" endtime="20231223 15:52:59.293"/>
</kw>
<kw name="Input Text" library="SeleniumLibrary">
<arg>name:password</arg>
<arg>${PASS-1}</arg>
<doc>Types the given ``text`` into the text field identified by ``locator``.</doc>
<msg timestamp="20231223 15:52:59.293" level="INFO">Typing text 'admin' into text field 'name:password'.</msg>
<status status="PASS" starttime="20231223 15:52:59.293" endtime="20231223 15:52:59.390"/>
</kw>
<kw name="Click Element" library="SeleniumLibrary">
<arg>xpath://button[@type='submit']</arg>
<doc>Click the element identified by ``locator``.</doc>
<msg timestamp="20231223 15:52:59.390" level="INFO">Clicking element 'xpath://button[@type='submit']'.</msg>
<status status="PASS" starttime="20231223 15:52:59.390" endtime="20231223 15:53:00.044"/>
</kw>
<kw name="Page Should Contain Element" library="SeleniumLibrary">
<arg>xpath=//h3[@class='box-title' and contains(text(), 'Selamat Datang')]</arg>
<doc>Verifies that element ``locator`` is found on the current page.</doc>
<msg timestamp="20231223 15:53:00.079" level="INFO">Current page contains element 'xpath=//h3[@class='box-title' and contains(text(), 'Selamat Datang')]'.</msg>
<status status="PASS" starttime="20231223 15:53:00.044" endtime="20231223 15:53:00.079"/>
</kw>
<status status="PASS" starttime="20231223 15:52:55.237" endtime="20231223 15:53:00.079"/>
</kw>
<kw name="Click Element" library="SeleniumLibrary">
<arg>xpath=//a[@href='http://localhost/wp/login/logout' and i[@class='fa fa-sign-out'] and span[text()='Keluar']]</arg>
<doc>Click the element identified by ``locator``.</doc>
<msg timestamp="20231223 15:53:00.081" level="INFO">Clicking element 'xpath=//a[@href='http://localhost/wp/login/logout' and i[@class='fa fa-sign-out'] and span[text()='Keluar']]'.</msg>
<status status="PASS" starttime="20231223 15:53:00.080" endtime="20231223 15:53:00.299"/>
</kw>
<kw name="Close Browser" library="SeleniumLibrary">
<doc>Closes the current browser.</doc>
<status status="PASS" starttime="20231223 15:53:00.299" endtime="20231223 15:53:02.710"/>
</kw>
<status status="PASS" starttime="20231223 15:52:55.237" endtime="20231223 15:53:02.710"/>
</test>
<test id="s1-t4" name="testcase-4" line="43">
<kw name="Login Success">
<kw name="Open Browser" library="SeleniumLibrary">
<arg>${HOST}</arg>
<arg>${BROWSER}</arg>
<doc>Opens a new browser instance to the optional ``url``.</doc>
<msg timestamp="20231223 15:53:02.710" level="INFO">Opening browser 'chrome' to base url 'http://localhost/wp/login'.</msg>
<status status="PASS" starttime="20231223 15:53:02.710" endtime="20231223 15:53:06.344"/>
</kw>
<kw name="Input Text" library="SeleniumLibrary">
<arg>name:username</arg>
<arg>${EMAIL}</arg>
<doc>Types the given ``text`` into the text field identified by ``locator``.</doc>
<msg timestamp="20231223 15:53:06.344" level="INFO">Typing text 'admin' into text field 'name:username'.</msg>
<status status="PASS" starttime="20231223 15:53:06.344" endtime="20231223 15:53:06.494"/>
</kw>
<kw name="Input Text" library="SeleniumLibrary">
<arg>name:password</arg>
<arg>${PASS-1}</arg>
<doc>Types the given ``text`` into the text field identified by ``locator``.</doc>
<msg timestamp="20231223 15:53:06.494" level="INFO">Typing text 'admin' into text field 'name:password'.</msg>
<status status="PASS" starttime="20231223 15:53:06.494" endtime="20231223 15:53:06.610"/>
</kw>
<kw name="Click Element" library="SeleniumLibrary">
<arg>xpath://button[@type='submit']</arg>
<doc>Click the element identified by ``locator``.</doc>
<msg timestamp="20231223 15:53:06.610" level="INFO">Clicking element 'xpath://button[@type='submit']'.</msg>
<status status="PASS" starttime="20231223 15:53:06.610" endtime="20231223 15:53:07.189"/>
</kw>
<kw name="Page Should Contain Element" library="SeleniumLibrary">
<arg>xpath=//h3[@class='box-title' and contains(text(), 'Selamat Datang')]</arg>
<doc>Verifies that element ``locator`` is found on the current page.</doc>
<msg timestamp="20231223 15:53:07.204" level="INFO">Current page contains element 'xpath=//h3[@class='box-title' and contains(text(), 'Selamat Datang')]'.</msg>
<status status="PASS" starttime="20231223 15:53:07.189" endtime="20231223 15:53:07.204"/>
</kw>
<status status="PASS" starttime="20231223 15:53:02.710" endtime="20231223 15:53:07.204"/>
</kw>
<kw name="Click Element" library="SeleniumLibrary">
<arg>xpath=//a[@href='http://localhost/wp/hasil' and i[@class='fa fa-graduation-cap'] and span[text()='Hasil']]</arg>
<doc>Click the element identified by ``locator``.</doc>
<msg timestamp="20231223 15:53:07.204" level="INFO">Clicking element 'xpath=//a[@href='http://localhost/wp/hasil' and i[@class='fa fa-graduation-cap'] and span[text()='Hasil']]'.</msg>
<status status="PASS" starttime="20231223 15:53:07.204" endtime="20231223 15:53:07.449"/>
</kw>
<kw name="Page Should Contain Element" library="SeleniumLibrary">
<arg>xpath=//h3[@class='box-title' and contains(text(), 'Hasil Penilaian Seleksi Atlet Bola Tangan')]</arg>
<doc>Verifies that element ``locator`` is found on the current page.</doc>
<msg timestamp="20231223 15:53:07.475" level="INFO">Current page contains element 'xpath=//h3[@class='box-title' and contains(text(), 'Hasil Penilaian Seleksi Atlet Bola Tangan')]'.</msg>
<status status="PASS" starttime="20231223 15:53:07.449" endtime="20231223 15:53:07.475"/>
</kw>
<kw name="Close Browser" library="SeleniumLibrary">
<doc>Closes the current browser.</doc>
<status status="PASS" starttime="20231223 15:53:07.475" endtime="20231223 15:53:09.824"/>
</kw>
<status status="PASS" starttime="20231223 15:53:02.710" endtime="20231223 15:53:09.825"/>
</test>
<status status="PASS" starttime="20231223 15:52:29.053" endtime="20231223 15:53:09.829"/>
</suite>
<statistics>
<total>
<stat pass="4" fail="0" skip="0">All Tests</stat>
</total>
<tag>
</tag>
<suite>
<stat pass="4" fail="0" skip="0" id="s1" name="Test-Suite-1">Test-Suite-1</stat>
</suite>
</statistics>
<errors>
</errors>
</robot>
